\BOOKMARK [1][-]{section*.1}{Abbildungsverzeichnis}{}% 1
\BOOKMARK [1][-]{section*.2}{Tabellenverzeichnis}{}% 2
\BOOKMARK [1][-]{section*.3}{Listings}{}% 3
\BOOKMARK [1][-]{section*.5}{Abk\374rzungsverzeichnis}{}% 4
\BOOKMARK [1][-]{section.1}{Einf\374hrung}{}% 5
\BOOKMARK [2][-]{subsection.1.1}{Ziel der Arbeit}{section.1}% 6
\BOOKMARK [2][-]{subsection.1.2}{Theoretische Grundlagen}{section.1}% 7
\BOOKMARK [3][-]{subsubsection.1.2.1}{Architektur eines Prozessors}{subsection.1.2}% 8
\BOOKMARK [3][-]{subsubsection.1.2.2}{Unterschiede 8-bit, 16-bit, 32-bit und 64-bit Prozessoren}{subsection.1.2}% 9
\BOOKMARK [2][-]{subsection.1.3}{Auswahl der Werkzeuge}{section.1}% 10
\BOOKMARK [3][-]{subsubsection.1.3.1}{Programmiersprache}{subsection.1.3}% 11
\BOOKMARK [3][-]{subsubsection.1.3.2}{GUI-Umgebung}{subsection.1.3}% 12
\BOOKMARK [3][-]{subsubsection.1.3.3}{Programmierumgebung}{subsection.1.3}% 13
\BOOKMARK [1][-]{section.2}{Projektplanung}{}% 14
\BOOKMARK [2][-]{subsection.2.1}{Zeitplan}{section.2}% 15
\BOOKMARK [2][-]{subsection.2.2}{Auswahl geeigneter Varianten}{section.2}% 16
\BOOKMARK [3][-]{subsubsection.2.2.1}{Intel 8080}{subsection.2.2}% 17
\BOOKMARK [3][-]{subsubsection.2.2.2}{Anderes Beispiel}{subsection.2.2}% 18
\BOOKMARK [1][-]{section.3}{Umsetzung}{}% 19
\BOOKMARK [2][-]{subsection.3.1}{Abstraktion der Architektur}{section.3}% 20
\BOOKMARK [3][-]{subsubsection.3.1.1}{ALU}{subsection.3.1}% 21
\BOOKMARK [3][-]{subsubsection.3.1.2}{Akkumulator}{subsection.3.1}% 22
\BOOKMARK [3][-]{subsubsection.3.1.3}{Instruction Register}{subsection.3.1}% 23
\BOOKMARK [3][-]{subsubsection.3.1.4}{DataBus}{subsection.3.1}% 24
\BOOKMARK [3][-]{subsubsection.3.1.5}{etc.}{subsection.3.1}% 25
\BOOKMARK [2][-]{subsection.3.2}{Ablauf der Simulation}{section.3}% 26
\BOOKMARK [1][-]{section.4}{Fazit}{}% 27
\BOOKMARK [1][-]{section.4}{Literatur}{}% 28
